  ConsoleApplication3.cpp
c:\users\gerbe\documents\github\replayplayer\replayplayer\consoleapplication3\consoleapplication3.cpp(56): warning C4305: 'argument': truncation from 'double' to 'float'
c:\users\gerbe\documents\github\replayplayer\replayplayer\consoleapplication3\consoleapplication3.cpp(98): warning C4244: '=': conversion from 'double' to 'float', possible loss of data
c:\users\gerbe\documents\github\replayplayer\replayplayer\consoleapplication3\consoleapplication3.cpp(99): warning C4244: '=': conversion from 'double' to 'float', possible loss of data
c:\users\gerbe\documents\github\replayplayer\replayplayer\consoleapplication3\consoleapplication3.cpp(100): warning C4244: '=': conversion from 'double' to 'float', possible loss of data
c:\users\gerbe\documents\github\replayplayer\replayplayer\consoleapplication3\consoleapplication3.cpp(102): warning C4244: '=': conversion from 'double' to 'float', possible loss of data
c:\users\gerbe\documents\github\replayplayer\replayplayer\consoleapplication3\consoleapplication3.cpp(103): warning C4244: '=': conversion from 'double' to 'float', possible loss of data
c:\users\gerbe\documents\github\replayplayer\replayplayer\consoleapplication3\consoleapplication3.cpp(104): warning C4244: '=': conversion from 'double' to 'float', possible loss of data
c:\users\gerbe\documents\github\replayplayer\replayplayer\consoleapplication3\consoleapplication3.cpp(106): warning C4244: '=': conversion from 'double' to 'float', possible loss of data
c:\users\gerbe\documents\github\replayplayer\replayplayer\consoleapplication3\consoleapplication3.cpp(107): warning C4244: '=': conversion from 'double' to 'float', possible loss of data
c:\users\gerbe\documents\github\replayplayer\replayplayer\consoleapplication3\consoleapplication3.cpp(108): warning C4244: '=': conversion from 'double' to 'float', possible loss of data
c:\users\gerbe\documents\github\replayplayer\replayplayer\consoleapplication3\consoleapplication3.cpp(175): warning C4018: '<': signed/unsigned mismatch
c:\users\gerbe\documents\github\replayplayer\replayplayer\consoleapplication3\consoleapplication3.cpp(197): warning C4244: 'argument': conversion from 'double' to 'float', possible loss of data
c:\users\gerbe\documents\github\replayplayer\replayplayer\consoleapplication3\consoleapplication3.cpp(230): warning C4129: '&': unrecognized character escape sequence
  Replay.cpp
c:\users\gerbe\documents\github\replayplayer\replayplayer\consoleapplication3\frame.h(2): warning C4103: alignment changed after including header, may be due to missing #pragma pack(pop)
c:\users\gerbe\documents\github\replayplayer\replayplayer\consoleapplication3\replay.h(4): warning C4103: alignment changed after including header, may be due to missing #pragma pack(pop)
c:\users\gerbe\documents\github\replayplayer\replayplayer\consoleapplication3\replay.cpp(1): warning C4103: alignment changed after including header, may be due to missing #pragma pack(pop)
c:\users\gerbe\documents\github\replayplayer\replayplayer\consoleapplication3\replay.cpp(25): warning C4244: 'argument': conversion from 'std::streamsize' to 'const unsigned int', possible loss of data
c:\users\gerbe\documents\github\replayplayer\replayplayer\consoleapplication3\replay.cpp(222): warning C4018: '<': signed/unsigned mismatch
c:\users\gerbe\documents\github\replayplayer\replayplayer\consoleapplication3\replay.cpp(224): warning C4018: '<': signed/unsigned mismatch
c:\users\gerbe\documents\github\replayplayer\replayplayer\consoleapplication3\replay.cpp(10): warning C4996: 'getenv': This function or variable may be unsafe. Consider using _dupenv_s instead. To disable deprecation, use _CRT_SECURE_NO_WARNINGS. See online help for details.
  c:\program files (x86)\windows kits\10\include\10.0.16299.0\ucrt\stdlib.h(1199): note: see declaration of 'getenv'
c:\users\gerbe\documents\github\replayplayer\replayplayer\consoleapplication3\replay.cpp(216): warning C4101: 'p': unreferenced local variable
  Generating Code...
  ConsoleApplication3.vcxproj -> C:\Users\gerbe\Documents\GitHub\ReplayPlayer\ReplayPlayer\Debug\ConsoleApplication3.exe
